<?xml version="1.0" encoding="utf-8"?><testsuites name="pytest tests"><testsuite name="pytest" errors="0" failures="0" skipped="0" tests="23" time="3.269" timestamp="2026-06-29T15:37:42.846695+00:00" hostname="agent-env-c0459040-8240-4bd8-b2a8-be3e7d92404d"><testcase classname="tests.test_noir_hamburg.TestAuth" name="test_login_success" time="0.476" /><testcase classname="tests.test_noir_hamburg.TestModels" name="test_list_models" time="0.478" /><testcase classname="tests.test_noir_hamburg.TestAuth" name="test_login_invalid" time="0.270" /><testcase classname="tests.test_noir_hamburg.TestModels" name="test_model_detail_aurelia" time="0.271" /><testcase classname="tests.test_noir_hamburg.TestModels" name="test_featured_filter" time="0.048" /><testcase classname="tests.test_noir_hamburg.TestModels" name="test_location_filter_hamburg" time="0.226" /><testcase classname="tests.test_noir_hamburg.TestAuth" name="test_me_with_bearer" time="0.605" /><testcase classname="tests.test_noir_hamburg.TestModels" name="test_service_filter" time="0.044" /><testcase classname="tests.test_noir_hamburg.TestModels" name="test_create_update_delete_model" time="0.879" /><testcase classname="tests.test_noir_hamburg.TestAuth" name="test_me_no_auth" time="0.175" /><testcase classname="tests.test_noir_hamburg.TestBlog" name="test_list_blog" time="0.048" /><testcase classname="tests.test_noir_hamburg.TestBlog" name="test_blog_detail" time="0.098" /><testcase classname="tests.test_noir_hamburg.TestBlog" name="test_create_delete_blog" time="0.299" /><testcase classname="tests.test_noir_hamburg.TestModels" name="test_create_model_requires_auth" time="0.096" /><testcase classname="tests.test_noir_hamburg.TestUpload" name="test_upload_requires_auth" time="0.170" /><testcase classname="tests.test_noir_hamburg.TestContact" name="test_submit_contact_public" time="0.048" /><testcase classname="tests.test_noir_hamburg.TestContact" name="test_list_contacts_no_auth" time="0.122" /><testcase classname="tests.test_noir_hamburg.TestUpload" name="test_upload_rejects_non_image" time="0.109" /><testcase classname="tests.test_noir_hamburg.TestContact" name="test_list_contacts_admin" time="0.146" /><testcase classname="tests.test_noir_hamburg.TestUpload" name="test_upload_image_ok" time="0.428" /><testcase classname="tests.test_noir_hamburg.TestSEO" name="test_sitemap" time="0.281" /><testcase classname="tests.test_noir_hamburg.TestSEO" name="test_robots" time="0.047" /><testcase classname="tests.test_noir_hamburg.TestHealth" name="test_health" time="0.047" /></testsuite></testsuites>