<?xml version="1.0" encoding="utf-8"?><testsuites name="pytest tests"><testsuite name="pytest" errors="0" failures="0" skipped="0" tests="18" time="2.292" timestamp="2026-07-03T17:57:35.215564+00:00" hostname="agent-env-c0459040-8240-4bd8-b2a8-be3e7d92404d"><testcase classname="tests.test_ssr_seo_html.TestModelDetail" name="test_status" time="0.240" /><testcase classname="tests.test_ssr_seo_html.TestHomepage" name="test_status_and_size" time="0.333" /><testcase classname="tests.test_ssr_seo_html.TestModelDetail" name="test_h1_aurelia" time="0.186" /><testcase classname="tests.test_ssr_seo_html.TestHomepage" name="test_h1_present" time="0.148" /><testcase classname="tests.test_ssr_seo_html.TestModelDetail" name="test_person_and_faq_schemas" time="0.145" /><testcase classname="tests.test_ssr_seo_html.TestHomepage" name="test_h2_sections" time="0.108" /><testcase classname="tests.test_ssr_seo_html.TestServiceDetail" name="test_status" time="0.116" /><testcase classname="tests.test_ssr_seo_html.TestHomepage" name="test_jsonld_schemas" time="0.132" /><testcase classname="tests.test_ssr_seo_html.TestServiceDetail" name="test_h1_canonical_schema" time="0.113" /><testcase classname="tests.test_ssr_seo_html.TestHomepage" name="test_internal_links" time="0.102" /><testcase classname="tests.test_ssr_seo_html.TestAreaDetail" name="test_status" time="0.138" /><testcase classname="tests.test_ssr_seo_html.TestHomepage" name="test_title_and_desc" time="0.146" /><testcase classname="tests.test_ssr_seo_html.TestAreaDetail" name="test_h1_canonical_schema" time="0.133" /><testcase classname="tests.test_ssr_seo_html.TestUniqueMetadata" name="test_all_pages_unique" time="0.589" /><testcase classname="tests.test_ssr_seo_html.TestBlogArticle" name="test_status" time="0.147" /><testcase classname="tests.test_ssr_seo_html.TestBlogArticle" name="test_h1_article_schema" time="0.105" /><testcase classname="tests.test_ssr_seo_html.TestSelfHealing" name="test_full_html_served" time="0.107" /><testcase classname="tests.test_ssr_seo_html.TestEnglishRoutes" name="test_en_home" time="0.103" /></testsuite></testsuites>