<?xml version="1.0" encoding="utf-8"?><testsuites name="pytest tests"><testsuite name="pytest" errors="0" failures="0" skipped="0" tests="17" time="1.704" timestamp="2026-06-29T16:56:42.616571+00:00" hostname="agent-env-c0459040-8240-4bd8-b2a8-be3e7d92404d"><testcase classname="tests.test_ssr_routes.TestSSRServices" name="test_services_list" time="0.189" /><testcase classname="tests.test_ssr_routes.TestSSRStatic" name="test_faq" time="0.211" /><testcase classname="tests.test_ssr_routes.TestSSRServices" name="test_service_luxury" time="0.109" /><testcase classname="tests.test_ssr_routes.TestSSRStatic" name="test_ueber_uns" time="0.144" /><testcase classname="tests.test_ssr_routes.TestSSRServices" name="test_service_vip" time="0.110" /><testcase classname="tests.test_ssr_routes.TestSSRStatic" name="test_kontakt" time="0.139" /><testcase classname="tests.test_ssr_routes.TestSSRAreas" name="test_areas_list" time="0.140" /><testcase classname="tests.test_ssr_routes.TestSSRStatic" name="test_sitemap_xml" time="0.122" /><testcase classname="tests.test_ssr_routes.TestSSRAreas" name="test_area_hafencity" time="0.123" /><testcase classname="tests.test_ssr_routes.TestSSRStatic" name="test_robots_txt" time="0.118" /><testcase classname="tests.test_ssr_routes.TestSSRAreas" name="test_escort_hamburg_landing" time="0.106" /><testcase classname="tests.test_ssr_routes.TestSSRModels" name="test_models_list" time="0.120" /><testcase classname="tests.test_ssr_routes.TestSSRBlog" name="test_blog_list" time="0.144" /><testcase classname="tests.test_ssr_routes.TestSSRModels" name="test_models_aurelia_detail" time="0.146" /><testcase classname="tests.test_ssr_routes.TestSSRBlog" name="test_blog_detail" time="0.334" /><testcase classname="tests.test_ssr_routes.TestSSRHomepage" name="test_home_html" time="0.202" /><testcase classname="tests.test_ssr_routes.TestAdminFallthrough" name="test_admin_login_serves_spa_shell" time="0.103" /></testsuite></testsuites>