<?xml version="1.0" encoding="utf-8"?><testsuites name="pytest tests"><testsuite name="pytest" errors="0" failures="0" skipped="0" tests="18" time="1.938" timestamp="2026-07-03T17:03:05.097889+00:00" hostname="agent-env-c0459040-8240-4bd8-b2a8-be3e7d92404d"><testcase classname="tests.test_ssr_seo_html.TestHomepage" name="test_status_and_size" time="0.243" /><testcase classname="tests.test_ssr_seo_html.TestHomepage" name="test_h1_present" time="0.106" /><testcase classname="tests.test_ssr_seo_html.TestModelDetail" name="test_status" time="0.420" /><testcase classname="tests.test_ssr_seo_html.TestHomepage" name="test_h2_sections" time="0.101" /><testcase classname="tests.test_ssr_seo_html.TestModelDetail" name="test_h1_aurelia" time="0.104" /><testcase classname="tests.test_ssr_seo_html.TestHomepage" name="test_jsonld_schemas" time="0.103" /><testcase classname="tests.test_ssr_seo_html.TestModelDetail" name="test_person_and_faq_schemas" time="0.105" /><testcase classname="tests.test_ssr_seo_html.TestHomepage" name="test_internal_links" time="0.099" /><testcase classname="tests.test_ssr_seo_html.TestServiceDetail" name="test_status" time="0.097" /><testcase classname="tests.test_ssr_seo_html.TestHomepage" name="test_title_and_desc" time="0.097" /><testcase classname="tests.test_ssr_seo_html.TestServiceDetail" name="test_h1_canonical_schema" time="0.107" /><testcase classname="tests.test_ssr_seo_html.TestAreaDetail" name="test_status" time="0.109" /><testcase classname="tests.test_ssr_seo_html.TestAreaDetail" name="test_h1_canonical_schema" time="0.109" /><testcase classname="tests.test_ssr_seo_html.TestUniqueMetadata" name="test_all_pages_unique" time="0.496" /><testcase classname="tests.test_ssr_seo_html.TestBlogArticle" name="test_status" time="0.151" /><testcase classname="tests.test_ssr_seo_html.TestBlogArticle" name="test_h1_article_schema" time="0.098" /><testcase classname="tests.test_ssr_seo_html.TestEnglishRoutes" name="test_en_home" time="0.104" /><testcase classname="tests.test_ssr_seo_html.TestSelfHealing" name="test_full_html_served" time="0.112" /></testsuite></testsuites>